<?xml version="1.0" encoding="UTF-8"?>
<testng-results ignored="4" total="8" passed="3" failed="0" skipped="1">
  <reporter-output>
  </reporter-output>
  <suite started-at="2023-07-13T15:00:54 IST" name="Suite" finished-at="2023-07-13T15:02:43 IST" duration-ms="108650">
    <groups>
      <group name="Reg">
        <method signature="CreateTimetableTest.RegSample()[pri:0, instance:ish.sms.admintest.CreateTimetableTest@4135c3b]" name="RegSample" class="ish.sms.admintest.CreateTimetableTest"/>
      </group> <!-- Reg -->
      <group name="RegressionSuite">
        <method signature="CreateExamTest.createExamTest()[pri:0, instance:ish.sms.admintest.CreateExamTest@6302bbb1]" name="createExamTest" class="ish.sms.admintest.CreateExamTest"/>
        <method signature="CreateGradeTest.Create_GradeTest()[pri:0, instance:ish.sms.admintest.CreateGradeTest@689604d9]" name="Create_GradeTest" class="ish.sms.admintest.CreateGradeTest"/>
        <method signature="CreateTimetableTest.CreateTimetableTest()[pri:0, instance:ish.sms.admintest.CreateTimetableTest@4135c3b]" name="CreateTimetableTest" class="ish.sms.admintest.CreateTimetableTest"/>
      </group> <!-- RegressionSuite -->
      <group name="SmokeSuite">
        <method signature="CreateGradeTest.Create_GradeTest()[pri:0, instance:ish.sms.admintest.CreateGradeTest@689604d9]" name="Create_GradeTest" class="ish.sms.admintest.CreateGradeTest"/>
        <method signature="CreateTimetableTest.CreateTimetableTest()[pri:0, instance:ish.sms.admintest.CreateTimetableTest@4135c3b]" name="CreateTimetableTest" class="ish.sms.admintest.CreateTimetableTest"/>
      </group> <!-- SmokeSuite -->
    </groups>
    <test started-at="2023-07-13T15:00:54 IST" name="Test" finished-at="2023-07-13T15:02:43 IST" duration-ms="108650">
      <class name="ish.sms.admintest.CreateExamTest">
        <test-method is-config="true" signature="launchTheBrowser()[pri:0, instance:ish.sms.admintest.CreateExamTest@6302bbb1]" started-at="2023-07-13T15:00:54 IST" name="launchTheBrowser" finished-at="2023-07-13T15:01:03 IST" duration-ms="9493" status="PASS">
          <reporter-output>
          </reporter-output>
        </test-method> <!-- launchTheBrowser -->
        <test-method is-config="true" signature="loginToApp()[pri:0, instance:ish.sms.admintest.CreateExamTest@6302bbb1]" started-at="2023-07-13T15:01:04 IST" name="loginToApp" finished-at="2023-07-13T15:01:09 IST" duration-ms="5139" status="PASS">
          <reporter-output>
          </reporter-output>
        </test-method> <!-- loginToApp -->
        <test-method signature="createExamTest()[pri:0, instance:ish.sms.admintest.CreateExamTest@6302bbb1]" started-at="2023-07-13T15:01:09 IST" name="createExamTest" finished-at="2023-07-13T15:01:25 IST" duration-ms="15753" status="PASS">
          <reporter-output>
          </reporter-output>
        </test-method> <!-- createExamTest -->
        <test-method is-config="true" signature="logoutFromApplication()[pri:0, instance:ish.sms.admintest.CreateExamTest@6302bbb1]" started-at="2023-07-13T15:01:25 IST" name="logoutFromApplication" finished-at="2023-07-13T15:01:26 IST" duration-ms="1005" status="PASS">
          <reporter-output>
          </reporter-output>
        </test-method> <!-- logoutFromApplication -->
        <test-method is-config="true" signature="closeTheBrowser()[pri:0, instance:ish.sms.admintest.CreateExamTest@6302bbb1]" started-at="2023-07-13T15:01:26 IST" name="closeTheBrowser" finished-at="2023-07-13T15:01:28 IST" duration-ms="2152" status="PASS">
          <reporter-output>
          </reporter-output>
        </test-method> <!-- closeTheBrowser -->
      </class> <!-- ish.sms.admintest.CreateExamTest -->
      <class name="ish.sms.admintest.CreateTimetableTest">
        <test-method is-config="true" signature="launchTheBrowser()[pri:0, instance:ish.sms.admintest.CreateTimetableTest@4135c3b]" started-at="2023-07-13T15:00:54 IST" name="launchTheBrowser" finished-at="2023-07-13T15:01:05 IST" duration-ms="11508" status="PASS">
          <reporter-output>
          </reporter-output>
        </test-method> <!-- launchTheBrowser -->
        <test-method is-config="true" signature="loginToApp()[pri:0, instance:ish.sms.admintest.CreateTimetableTest@4135c3b]" started-at="2023-07-13T15:01:05 IST" name="loginToApp" finished-at="2023-07-13T15:01:10 IST" duration-ms="4746" status="PASS">
          <reporter-output>
          </reporter-output>
        </test-method> <!-- loginToApp -->
        <test-method signature="CreateTimetableTest()[pri:0, instance:ish.sms.admintest.CreateTimetableTest@4135c3b]" started-at="2023-07-13T15:01:10 IST" name="CreateTimetableTest" finished-at="2023-07-13T15:02:42 IST" duration-ms="91561" status="PASS">
          <reporter-output>
          </reporter-output>
        </test-method> <!-- CreateTimetableTest -->
        <test-method is-config="true" signature="logoutFromApplication()[pri:0, instance:ish.sms.admintest.CreateTimetableTest@4135c3b]" started-at="2023-07-13T15:02:42 IST" name="logoutFromApplication" finished-at="2023-07-13T15:02:42 IST" duration-ms="703" status="PASS">
          <reporter-output>
          </reporter-output>
        </test-method> <!-- logoutFromApplication -->
        <test-method is-config="true" signature="loginToApp()[pri:0, instance:ish.sms.admintest.CreateTimetableTest@4135c3b]" started-at="2023-07-13T15:02:42 IST" name="loginToApp" finished-at="2023-07-13T15:02:42 IST" duration-ms="46" status="FAIL">
          <exception class="org.openqa.selenium.ElementNotInteractableException">
            <message>
              <![CDATA[Element <input id="email" class="form-control" name="email" type="text"> is not reachable by keyboard
Build info: version: '4.6.0', revision: '79f1c02ae20'
System info: os.name: 'Windows 11', os.arch: 'amd64', os.version: '10.0', java.version: '17.0.2'
Driver info: org.openqa.selenium.firefox.FirefoxDriver
Command: [337c7d2e-ec73-4a2a-bb47-e8f90b3a539b, sendKeysToElement {id=3ccd6ff5-6651-4cc3-bb0f-d2a80583f7b9, value=[Ljava.lang.CharSequence;@7630c45a}]
Capabilities {acceptInsecureCerts: true, browserName: firefox, browserVersion: 115.0.2, moz:accessibilityChecks: false, moz:buildID: 20230710165010, moz:debuggerAddress: 127.0.0.1:36048, moz:geckodriverVersion: 0.33.0, moz:headless: false, moz:platformVersion: 10.0, moz:processID: 24836, moz:profile: C:\Users\VASANT~1.AKA\AppDa..., moz:shutdownTimeout: 60000, moz:useNonSpecCompliantPointerOrigin: false, moz:webdriverClick: true, moz:windowless: false, pageLoadStrategy: normal, platformName: WINDOWS, proxy: Proxy(), se:cdp: ws://127.0.0.1:36048/devtoo..., se:cdpVersion: 85.0, setWindowRect: true, strictFileInteractability: false, timeouts: {implicit: 0, pageLoad: 300000, script: 30000}, unhandledPromptBehavior: dismiss and notify}
Element: [[FirefoxDriver: firefox on WINDOWS (337c7d2e-ec73-4a2a-bb47-e8f90b3a539b)] -> xpath: //input[@type='text']]
Session ID: 337c7d2e-ec73-4a2a-bb47-e8f90b3a539b]]>
            </message>
            <full-stacktrace>
              <![CDATA[org.openqa.selenium.ElementNotInteractableException: Element <input id="email" class="form-control" name="email" type="text"> is not reachable by keyboard
Build info: version: '4.6.0', revision: '79f1c02ae20'
System info: os.name: 'Windows 11', os.arch: 'amd64', os.version: '10.0', java.version: '17.0.2'
Driver info: org.openqa.selenium.firefox.FirefoxDriver
Command: [337c7d2e-ec73-4a2a-bb47-e8f90b3a539b, sendKeysToElement {id=3ccd6ff5-6651-4cc3-bb0f-d2a80583f7b9, value=[Ljava.lang.CharSequence;@7630c45a}]
Capabilities {acceptInsecureCerts: true, browserName: firefox, browserVersion: 115.0.2, moz:accessibilityChecks: false, moz:buildID: 20230710165010, moz:debuggerAddress: 127.0.0.1:36048, moz:geckodriverVersion: 0.33.0, moz:headless: false, moz:platformVersion: 10.0, moz:processID: 24836, moz:profile: C:\Users\VASANT~1.AKA\AppDa..., moz:shutdownTimeout: 60000, moz:useNonSpecCompliantPointerOrigin: false, moz:webdriverClick: true, moz:windowless: false, pageLoadStrategy: normal, platformName: WINDOWS, proxy: Proxy(), se:cdp: ws://127.0.0.1:36048/devtoo..., se:cdpVersion: 85.0, setWindowRect: true, strictFileInteractability: false, timeouts: {implicit: 0, pageLoad: 300000, script: 30000}, unhandledPromptBehavior: dismiss and notify}
Element: [[FirefoxDriver: firefox on WINDOWS (337c7d2e-ec73-4a2a-bb47-e8f90b3a539b)] -> xpath: //input[@type='text']]
Session ID: 337c7d2e-ec73-4a2a-bb47-e8f90b3a539b
at java.base/jdk.internal.reflect.NativeConstructorAccessorImpl.newInstance0(Native Method)
at java.base/jdk.internal.reflect.NativeConstructorAccessorImpl.newInstance(NativeConstructorAccessorImpl.java:77)
at java.base/jdk.internal.reflect.DelegatingConstructorAccessorImpl.newInstance(DelegatingConstructorAccessorImpl.java:45)
at java.base/java.lang.reflect.Constructor.newInstanceWithCaller(Constructor.java:499)
at java.base/java.lang.reflect.Constructor.newInstance(Constructor.java:480)
at org.openqa.selenium.remote.codec.w3c.W3CHttpResponseCodec.createException(W3CHttpResponseCodec.java:200)
at org.openqa.selenium.remote.codec.w3c.W3CHttpResponseCodec.decode(W3CHttpResponseCodec.java:133)
at org.openqa.selenium.remote.codec.w3c.W3CHttpResponseCodec.decode(W3CHttpResponseCodec.java:53)
at org.openqa.selenium.remote.HttpCommandExecutor.execute(HttpCommandExecutor.java:184)
at org.openqa.selenium.remote.service.DriverCommandExecutor.invokeExecute(DriverCommandExecutor.java:167)
at org.openqa.selenium.remote.service.DriverCommandExecutor.execute(DriverCommandExecutor.java:142)
at org.openqa.selenium.remote.RemoteWebDriver.execute(RemoteWebDriver.java:541)
at org.openqa.selenium.remote.RemoteWebElement.execute(RemoteWebElement.java:257)
at org.openqa.selenium.remote.RemoteWebElement.sendKeys(RemoteWebElement.java:113)
at jdk.internal.reflect.GeneratedMethodAccessor2.invoke(Unknown Source)
at java.base/jdk.internal.reflect.DelegatingMethodAccessorImpl.invoke(DelegatingMethodAccessorImpl.java:43)
at java.base/java.lang.reflect.Method.invoke(Method.java:568)
at org.openqa.selenium.support.pagefactory.internal.LocatingElementHandler.invoke(LocatingElementHandler.java:52)
at jdk.proxy2/jdk.proxy2.$Proxy20.sendKeys(Unknown Source)
at ISH_sms_ObjectRepositories.LoginPage.LoginPage(LoginPage.java:30)
at iSH_sms_generic_Utilities.BaseClass.loginToApp(BaseClass.java:113)
at java.base/jdk.internal.reflect.NativeMethodAccessorImpl.invoke0(Native Method)
at java.base/jdk.internal.reflect.NativeMethodAccessorImpl.invoke(NativeMethodAccessorImpl.java:77)
at java.base/jdk.internal.reflect.DelegatingMethodAccessorImpl.invoke(DelegatingMethodAccessorImpl.java:43)
at java.base/java.lang.reflect.Method.invoke(Method.java:568)
at org.testng.internal.MethodInvocationHelper.invokeMethod(MethodInvocationHelper.java:133)
at org.testng.internal.MethodInvocationHelper.invokeMethodConsideringTimeout(MethodInvocationHelper.java:62)
at org.testng.internal.ConfigInvoker.invokeConfigurationMethod(ConfigInvoker.java:385)
at org.testng.internal.ConfigInvoker.invokeConfigurations(ConfigInvoker.java:321)
at org.testng.internal.TestInvoker.runConfigMethods(TestInvoker.java:700)
at org.testng.internal.TestInvoker.invokeMethod(TestInvoker.java:527)
at org.testng.internal.TestInvoker.invokeTestMethod(TestInvoker.java:173)
at org.testng.internal.MethodRunner.runInSequence(MethodRunner.java:46)
at org.testng.internal.TestInvoker$MethodInvocationAgent.invoke(TestInvoker.java:824)
at org.testng.internal.TestInvoker.invokeTestMethods(TestInvoker.java:146)
at org.testng.internal.TestMethodWorker.invokeTestMethods(TestMethodWorker.java:146)
at org.testng.internal.TestMethodWorker.run(TestMethodWorker.java:128)
at java.base/java.util.concurrent.ThreadPoolExecutor.runWorker(ThreadPoolExecutor.java:1136)
at java.base/java.util.concurrent.ThreadPoolExecutor$Worker.run(ThreadPoolExecutor.java:635)
at java.base/java.lang.Thread.run(Thread.java:833)
]]>
            </full-stacktrace>
          </exception> <!-- org.openqa.selenium.ElementNotInteractableException -->
          <reporter-output>
          </reporter-output>
        </test-method> <!-- loginToApp -->
        <test-method signature="RegSample()[pri:0, instance:ish.sms.admintest.CreateTimetableTest@4135c3b]" started-at="2023-07-13T15:02:42 IST" name="RegSample" finished-at="2023-07-13T15:02:42 IST" duration-ms="0" status="SKIP">
          <exception class="org.openqa.selenium.ElementNotInteractableException">
            <message>
              <![CDATA[Element <input id="email" class="form-control" name="email" type="text"> is not reachable by keyboard
Build info: version: '4.6.0', revision: '79f1c02ae20'
System info: os.name: 'Windows 11', os.arch: 'amd64', os.version: '10.0', java.version: '17.0.2'
Driver info: org.openqa.selenium.firefox.FirefoxDriver
Command: [337c7d2e-ec73-4a2a-bb47-e8f90b3a539b, sendKeysToElement {id=3ccd6ff5-6651-4cc3-bb0f-d2a80583f7b9, value=[Ljava.lang.CharSequence;@7630c45a}]
Capabilities {acceptInsecureCerts: true, browserName: firefox, browserVersion: 115.0.2, moz:accessibilityChecks: false, moz:buildID: 20230710165010, moz:debuggerAddress: 127.0.0.1:36048, moz:geckodriverVersion: 0.33.0, moz:headless: false, moz:platformVersion: 10.0, moz:processID: 24836, moz:profile: C:\Users\VASANT~1.AKA\AppDa..., moz:shutdownTimeout: 60000, moz:useNonSpecCompliantPointerOrigin: false, moz:webdriverClick: true, moz:windowless: false, pageLoadStrategy: normal, platformName: WINDOWS, proxy: Proxy(), se:cdp: ws://127.0.0.1:36048/devtoo..., se:cdpVersion: 85.0, setWindowRect: true, strictFileInteractability: false, timeouts: {implicit: 0, pageLoad: 300000, script: 30000}, unhandledPromptBehavior: dismiss and notify}
Element: [[FirefoxDriver: firefox on WINDOWS (337c7d2e-ec73-4a2a-bb47-e8f90b3a539b)] -> xpath: //input[@type='text']]
Session ID: 337c7d2e-ec73-4a2a-bb47-e8f90b3a539b]]>
            </message>
            <full-stacktrace>
              <![CDATA[org.openqa.selenium.ElementNotInteractableException: Element <input id="email" class="form-control" name="email" type="text"> is not reachable by keyboard
Build info: version: '4.6.0', revision: '79f1c02ae20'
System info: os.name: 'Windows 11', os.arch: 'amd64', os.version: '10.0', java.version: '17.0.2'
Driver info: org.openqa.selenium.firefox.FirefoxDriver
Command: [337c7d2e-ec73-4a2a-bb47-e8f90b3a539b, sendKeysToElement {id=3ccd6ff5-6651-4cc3-bb0f-d2a80583f7b9, value=[Ljava.lang.CharSequence;@7630c45a}]
Capabilities {acceptInsecureCerts: true, browserName: firefox, browserVersion: 115.0.2, moz:accessibilityChecks: false, moz:buildID: 20230710165010, moz:debuggerAddress: 127.0.0.1:36048, moz:geckodriverVersion: 0.33.0, moz:headless: false, moz:platformVersion: 10.0, moz:processID: 24836, moz:profile: C:\Users\VASANT~1.AKA\AppDa..., moz:shutdownTimeout: 60000, moz:useNonSpecCompliantPointerOrigin: false, moz:webdriverClick: true, moz:windowless: false, pageLoadStrategy: normal, platformName: WINDOWS, proxy: Proxy(), se:cdp: ws://127.0.0.1:36048/devtoo..., se:cdpVersion: 85.0, setWindowRect: true, strictFileInteractability: false, timeouts: {implicit: 0, pageLoad: 300000, script: 30000}, unhandledPromptBehavior: dismiss and notify}
Element: [[FirefoxDriver: firefox on WINDOWS (337c7d2e-ec73-4a2a-bb47-e8f90b3a539b)] -> xpath: //input[@type='text']]
Session ID: 337c7d2e-ec73-4a2a-bb47-e8f90b3a539b
at java.base/jdk.internal.reflect.NativeConstructorAccessorImpl.newInstance0(Native Method)
at java.base/jdk.internal.reflect.NativeConstructorAccessorImpl.newInstance(NativeConstructorAccessorImpl.java:77)
at java.base/jdk.internal.reflect.DelegatingConstructorAccessorImpl.newInstance(DelegatingConstructorAccessorImpl.java:45)
at java.base/java.lang.reflect.Constructor.newInstanceWithCaller(Constructor.java:499)
at java.base/java.lang.reflect.Constructor.newInstance(Constructor.java:480)
at org.openqa.selenium.remote.codec.w3c.W3CHttpResponseCodec.createException(W3CHttpResponseCodec.java:200)
at org.openqa.selenium.remote.codec.w3c.W3CHttpResponseCodec.decode(W3CHttpResponseCodec.java:133)
at org.openqa.selenium.remote.codec.w3c.W3CHttpResponseCodec.decode(W3CHttpResponseCodec.java:53)
at org.openqa.selenium.remote.HttpCommandExecutor.execute(HttpCommandExecutor.java:184)
at org.openqa.selenium.remote.service.DriverCommandExecutor.invokeExecute(DriverCommandExecutor.java:167)
at org.openqa.selenium.remote.service.DriverCommandExecutor.execute(DriverCommandExecutor.java:142)
at org.openqa.selenium.remote.RemoteWebDriver.execute(RemoteWebDriver.java:541)
at org.openqa.selenium.remote.RemoteWebElement.execute(RemoteWebElement.java:257)
at org.openqa.selenium.remote.RemoteWebElement.sendKeys(RemoteWebElement.java:113)
at jdk.internal.reflect.GeneratedMethodAccessor2.invoke(Unknown Source)
at java.base/jdk.internal.reflect.DelegatingMethodAccessorImpl.invoke(DelegatingMethodAccessorImpl.java:43)
at java.base/java.lang.reflect.Method.invoke(Method.java:568)
at org.openqa.selenium.support.pagefactory.internal.LocatingElementHandler.invoke(LocatingElementHandler.java:52)
at jdk.proxy2/jdk.proxy2.$Proxy20.sendKeys(Unknown Source)
at ISH_sms_ObjectRepositories.LoginPage.LoginPage(LoginPage.java:30)
at iSH_sms_generic_Utilities.BaseClass.loginToApp(BaseClass.java:113)
at java.base/jdk.internal.reflect.NativeMethodAccessorImpl.invoke0(Native Method)
at java.base/jdk.internal.reflect.NativeMethodAccessorImpl.invoke(NativeMethodAccessorImpl.java:77)
at java.base/jdk.internal.reflect.DelegatingMethodAccessorImpl.invoke(DelegatingMethodAccessorImpl.java:43)
at java.base/java.lang.reflect.Method.invoke(Method.java:568)
at org.testng.internal.MethodInvocationHelper.invokeMethod(MethodInvocationHelper.java:133)
at org.testng.internal.MethodInvocationHelper.invokeMethodConsideringTimeout(MethodInvocationHelper.java:62)
at org.testng.internal.ConfigInvoker.invokeConfigurationMethod(ConfigInvoker.java:385)
at org.testng.internal.ConfigInvoker.invokeConfigurations(ConfigInvoker.java:321)
at org.testng.internal.TestInvoker.runConfigMethods(TestInvoker.java:700)
at org.testng.internal.TestInvoker.invokeMethod(TestInvoker.java:527)
at org.testng.internal.TestInvoker.invokeTestMethod(TestInvoker.java:173)
at org.testng.internal.MethodRunner.runInSequence(MethodRunner.java:46)
at org.testng.internal.TestInvoker$MethodInvocationAgent.invoke(TestInvoker.java:824)
at org.testng.internal.TestInvoker.invokeTestMethods(TestInvoker.java:146)
at org.testng.internal.TestMethodWorker.invokeTestMethods(TestMethodWorker.java:146)
at org.testng.internal.TestMethodWorker.run(TestMethodWorker.java:128)
at java.base/java.util.concurrent.ThreadPoolExecutor.runWorker(ThreadPoolExecutor.java:1136)
at java.base/java.util.concurrent.ThreadPoolExecutor$Worker.run(ThreadPoolExecutor.java:635)
at java.base/java.lang.Thread.run(Thread.java:833)
]]>
            </full-stacktrace>
          </exception> <!-- org.openqa.selenium.ElementNotInteractableException -->
          <reporter-output>
          </reporter-output>
        </test-method> <!-- RegSample -->
        <test-method is-config="true" signature="logoutFromApplication()[pri:0, instance:ish.sms.admintest.CreateTimetableTest@4135c3b]" started-at="2023-07-13T15:02:43 IST" name="logoutFromApplication" finished-at="1970-01-01T05:30:00 IST" duration-ms="-1689240763011" status="SKIP">
          <reporter-output>
          </reporter-output>
        </test-method> <!-- logoutFromApplication -->
        <test-method is-config="true" signature="closeTheBrowser()[pri:0, instance:ish.sms.admintest.CreateTimetableTest@4135c3b]" started-at="2023-07-13T15:02:43 IST" name="closeTheBrowser" finished-at="1970-01-01T05:30:00 IST" duration-ms="-1689240763012" status="SKIP">
          <reporter-output>
          </reporter-output>
        </test-method> <!-- closeTheBrowser -->
      </class> <!-- ish.sms.admintest.CreateTimetableTest -->
      <class name="ish.sms.admintest.CreateGradeTest">
        <test-method is-config="true" signature="connecToDB()[pri:0, instance:ish.sms.admintest.CreateGradeTest@689604d9]" started-at="2023-07-13T15:00:54 IST" name="connecToDB" finished-at="2023-07-13T15:00:54 IST" duration-ms="19" status="PASS">
          <reporter-output>
          </reporter-output>
        </test-method> <!-- connecToDB -->
        <test-method is-config="true" signature="launchTheBrowser()[pri:0, instance:ish.sms.admintest.CreateGradeTest@689604d9]" started-at="2023-07-13T15:00:54 IST" name="launchTheBrowser" finished-at="2023-07-13T15:01:07 IST" duration-ms="13192" status="PASS">
          <reporter-output>
          </reporter-output>
        </test-method> <!-- launchTheBrowser -->
        <test-method is-config="true" signature="loginToApp()[pri:0, instance:ish.sms.admintest.CreateGradeTest@689604d9]" started-at="2023-07-13T15:01:07 IST" name="loginToApp" finished-at="2023-07-13T15:01:12 IST" duration-ms="4724" status="PASS">
          <reporter-output>
          </reporter-output>
        </test-method> <!-- loginToApp -->
        <test-method signature="Create_GradeTest()[pri:0, instance:ish.sms.admintest.CreateGradeTest@689604d9]" started-at="2023-07-13T15:01:12 IST" name="Create_GradeTest" finished-at="2023-07-13T15:01:26 IST" duration-ms="14321" status="PASS">
          <reporter-output>
          </reporter-output>
        </test-method> <!-- Create_GradeTest -->
        <test-method is-config="true" signature="logoutFromApplication()[pri:0, instance:ish.sms.admintest.CreateGradeTest@689604d9]" started-at="2023-07-13T15:01:26 IST" name="logoutFromApplication" finished-at="2023-07-13T15:01:28 IST" duration-ms="1980" status="PASS">
          <reporter-output>
          </reporter-output>
        </test-method> <!-- logoutFromApplication -->
        <test-method is-config="true" signature="closeTheBrowser()[pri:0, instance:ish.sms.admintest.CreateGradeTest@689604d9]" started-at="2023-07-13T15:01:28 IST" name="closeTheBrowser" finished-at="2023-07-13T15:01:30 IST" duration-ms="1901" status="PASS">
          <reporter-output>
          </reporter-output>
        </test-method> <!-- closeTheBrowser -->
        <test-method is-config="true" signature="closeDB()[pri:0, instance:ish.sms.admintest.CreateGradeTest@689604d9]" started-at="2023-07-13T15:02:43 IST" name="closeDB" finished-at="2023-07-13T15:02:43 IST" duration-ms="1" status="PASS">
          <reporter-output>
          </reporter-output>
        </test-method> <!-- closeDB -->
      </class> <!-- ish.sms.admintest.CreateGradeTest -->
    </test> <!-- Test -->
  </suite> <!-- Suite -->
</testng-results>
